0 info it worked if it ends with ok
1 verbose cli [ '/Users/prarthana/.nvm/versions/node/v6.9.0/bin/node',
1 verbose cli   '/Users/prarthana/.nvm/versions/node/v6.9.0/bin/npm',
1 verbose cli   'run',
1 verbose cli   'start' ]
2 info using npm@3.10.8
3 info using node@v6.9.0
4 verbose run-script [ 'prestart', 'start', 'poststart' ]
5 info lifecycle restapi-app@0.1.0~prestart: restapi-app@0.1.0
6 silly lifecycle restapi-app@0.1.0~prestart: no script for prestart, continuing
7 info lifecycle restapi-app@0.1.0~start: restapi-app@0.1.0
8 verbose lifecycle restapi-app@0.1.0~start: unsafe-perm in lifecycle true
9 verbose lifecycle restapi-app@0.1.0~start: PATH: /Users/prarthana/.nvm/versions/node/v6.9.0/lib/node_modules/npm/bin/node-gyp-bin:/Users/prarthana/restapi-app/node_modules/.bin:/Users/prarthana/.nvm/versions/node/v6.9.0/bin:/usr/local/bin:/usr/bin:/bin:/usr/sbin:/sbin:/usr/local/go/bin:/usr/local/mysql/bin:/usr/local/mysql/bin
10 verbose lifecycle restapi-app@0.1.0~start: CWD: /Users/prarthana/restapi-app
11 silly lifecycle restapi-app@0.1.0~start: Args: [ '-c', 'react-scripts start' ]
12 info lifecycle restapi-app@0.1.0~start: Failed to exec start script
13 verbose stack Error: restapi-app@0.1.0 start: `react-scripts start`
13 verbose stack spawn ENOENT
13 verbose stack     at ChildProcess.<anonymous> (/Users/prarthana/.nvm/versions/node/v6.9.0/lib/node_modules/npm/lib/utils/spawn.js:33:16)
13 verbose stack     at emitTwo (events.js:106:13)
13 verbose stack     at ChildProcess.emit (events.js:191:7)
13 verbose stack     at maybeClose (internal/child_process.js:877:16)
13 verbose stack     at Process.ChildProcess._handle.onexit (internal/child_process.js:226:5)
14 verbose pkgid restapi-app@0.1.0
15 verbose cwd /Users/prarthana/restapi-app
16 error Darwin 17.7.0
17 error argv "/Users/prarthana/.nvm/versions/node/v6.9.0/bin/node" "/Users/prarthana/.nvm/versions/node/v6.9.0/bin/npm" "run" "start"
18 error node v6.9.0
19 error npm  v3.10.8
20 error file sh
21 error code ELIFECYCLE
22 error errno ENOENT
23 error syscall spawn
24 error restapi-app@0.1.0 start: `react-scripts start`
24 error spawn ENOENT
25 error Failed at the restapi-app@0.1.0 start script 'react-scripts start'.
25 error Make sure you have the latest version of node.js and npm installed.
25 error If you do, this is most likely a problem with the restapi-app package,
25 error not with npm itself.
25 error Tell the author that this fails on your system:
25 error     react-scripts start
25 error You can get information on how to open an issue for this project with:
25 error     npm bugs restapi-app
25 error Or if that isn't available, you can get their info via:
25 error     npm owner ls restapi-app
25 error There is likely additional logging output above.
26 verbose exit [ 1, true ]
